[debug] [2019-08-30T22:51:33.973Z] ----------------------------------------------------------------------
[debug] [2019-08-30T22:51:33.977Z] Command:       C:\Program Files\nodejs\node.exe C:\Users\mynor\AppData\Roaming\npm\node_modules\firebase-tools\lib\bin\firebase.js init
[debug] [2019-08-30T22:51:33.977Z] CLI Version:   7.3.0
[debug] [2019-08-30T22:51:33.977Z] Platform:      win32
[debug] [2019-08-30T22:51:33.977Z] Node Version:  v8.12.0
[debug] [2019-08-30T22:51:33.978Z] Time:          Fri Aug 30 2019 16:51:33 GMT-0600 (Hora estándar, América Central)
[debug] [2019-08-30T22:51:33.978Z] ----------------------------------------------------------------------
[debug] 
[debug] [2019-08-30T22:51:33.987Z] > command requires scopes: ["email","openid","https://www.googleapis.com/auth/cloudplatformprojects.readonly","https://www.googleapis.com/auth/firebase","https://www.googleapis.com/auth/cloud-platform"]
[debug] [2019-08-30T22:51:33.987Z] > authorizing via signed-in user
[info] 
     ######## #### ########  ######## ########     ###     ######  ########
     ##        ##  ##     ## ##       ##     ##  ##   ##  ##       ##
     ######    ##  ########  ######   ########  #########  ######  ######
     ##        ##  ##    ##  ##       ##     ## ##     ##       ## ##
     ##       #### ##     ## ######## ########  ##     ##  ######  ########

You're about to initialize a Firebase project in this directory:

  C:\Users\mynor\Documents\GolangProjects\src\github.com\Mynor2397\TSE-WEB

[info] 
=== Project Setup
[info] 
[info] First, let's associate this project directory with a Firebase project.
[info] You can create multiple project aliases by running firebase use --add, 
[info] but for now we'll just set up a default project.
[info] 
[info] i  If you want to create a project in a Google Cloud organization or folder, please use "firebase projects:create" instead, and return to this command when you've created the project.
[debug] [2019-08-30T22:52:45.479Z] >>> HTTP REQUEST POST https://cloudresourcemanager.googleapis.com/v1/projects  

[debug] [2019-08-30T22:52:46.544Z] <<< HTTP RESPONSE 400
[debug] [2019-08-30T22:52:46.544Z] <<< HTTP RESPONSE BODY
[debug] [2019-08-30T22:52:46.546Z] HTTP Error: 400, field [project_id] has issue [project_id contains invalid characters]
[debug] [2019-08-30T22:52:47.243Z] FirebaseError: HTTP Error: 400, field [project_id] has issue [project_id contains invalid characters]
    at module.exports (C:\Users\mynor\AppData\Roaming\npm\node_modules\firebase-tools\lib\responseToError.js:38:12)
    at Request._callback (C:\Users\mynor\AppData\Roaming\npm\node_modules\firebase-tools\lib\api.js:39:35)
    at Request.self.callback (C:\Users\mynor\AppData\Roaming\npm\node_modules\firebase-tools\node_modules\request\request.js:185:22)
    at emitTwo (events.js:126:13)
    at Request.emit (events.js:214:7)
    at Request.<anonymous> (C:\Users\mynor\AppData\Roaming\npm\node_modules\firebase-tools\node_modules\request\request.js:1161:10)
    at emitOne (events.js:116:13)
    at Request.emit (events.js:211:7)
    at IncomingMessage.<anonymous> (C:\Users\mynor\AppData\Roaming\npm\node_modules\firebase-tools\node_modules\request\request.js:1083:12)
    at Object.onceWrapper (events.js:313:30)
[error] 
[error] Error: Failed to create Google Cloud project. See firebase-debug.log for more info.
